[2025-09-20 04:26:18] local.ERROR: SQLSTATE[42S22]: Column not found: 1054 Unknown column 'mobile' in 'SET' (SQL: update `users` set `uid` = null, `mobile` = +974-77843313, `users`.`updated_at` = 2025-09-20 04:26:18 where `id` = 1876) {"userId":1876,"exception":"[object] (Illuminate\\Database\\QueryException(code: 42S22): SQLSTATE[42S22]: Column not found: 1054 Unknown column 'mobile' in 'SET' (SQL: update `users` set `uid` = null, `mobile` = +974-77843313, `users`.`updated_at` = 2025-09-20 04:26:18 where `id` = 1876) at /home/u662698054/domains/ride-go.net/public_html/vendor/laravel/framework/src/Illuminate/Database/Connection.php:712)
[stacktrace]
#0 /home/u662698054/domains/ride-go.net/public_html/vendor/laravel/framework/src/Illuminate/Database/Connection.php(672): Illuminate\\Database\\Connection->runQueryCallback()
#1 /home/u662698054/domains/ride-go.net/public_html/vendor/laravel/framework/src/Illuminate/Database/Connection.php(514): Illuminate\\Database\\Connection->run()
#2 /home/u662698054/domains/ride-go.net/public_html/vendor/laravel/framework/src/Illuminate/Database/Connection.php(466): Illuminate\\Database\\Connection->affectingStatement()
#3 /home/u662698054/domains/ride-go.net/public_html/vendor/laravel/framework/src/Illuminate/Database/Query/Builder.php(3062): Illuminate\\Database\\Connection->update()
#4 /home/u662698054/domains/ride-go.net/public_html/vendor/laravel/framework/src/Illuminate/Database/Eloquent/Builder.php(921): Illuminate\\Database\\Query\\Builder->update()
#5 /home/u662698054/domains/ride-go.net/public_html/vendor/laravel/framework/src/Illuminate/Database/Eloquent/Model.php(1072): Illuminate\\Database\\Eloquent\\Builder->update()
#6 /home/u662698054/domains/ride-go.net/public_html/vendor/laravel/framework/src/Illuminate/Database/Eloquent/Model.php(987): Illuminate\\Database\\Eloquent\\Model->performUpdate()
#7 /home/u662698054/domains/ride-go.net/public_html/vendor/laravel/framework/src/Illuminate/Database/Eloquent/Model.php(885): Illuminate\\Database\\Eloquent\\Model->save()
#8 /home/u662698054/domains/ride-go.net/public_html/app/Http/Controllers/API/UserController.php(367): Illuminate\\Database\\Eloquent\\Model->update()
#9 /home/u662698054/domains/ride-go.net/public_html/vendor/laravel/framework/src/Illuminate/Routing/Controller.php(54): App\\Http\\Controllers\\API\\UserController->updateProfile()
#10 /home/u662698054/domains/ride-go.net/public_html/vendor/laravel/framework/src/Illuminate/Routing/ControllerDispatcher.php(45): Illuminate\\Routing\\Controller->callAction()
#11 /home/u662698054/domains/ride-go.net/public_html/vendor/laravel/framework/src/Illuminate/Routing/Route.php(261): Illuminate\\Routing\\ControllerDispatcher->dispatch()
#12 /home/u662698054/domains/ride-go.net/public_html/vendor/laravel/framework/src/Illuminate/Routing/Route.php(205): Illuminate\\Routing\\Route->runController()
#13 /home/u662698054/domains/ride-go.net/public_html/vendor/laravel/framework/src/Illuminate/Routing/Router.php(721): Illuminate\\Routing\\Route->run()
#14 /home/u662698054/domains/ride-go.net/public_html/vendor/laravel/framework/src/Illuminate/Pipeline/Pipeline.php(128): Illuminate\\Routing\\Router->Illuminate\\Routing\\{closure}()
#15 /home/u662698054/domains/ride-go.net/public_html/vendor/laravel/framework/src/Illuminate/Routing/Middleware/SubstituteBindings.php(50): Illuminate\\Pipeline\\Pipeline->Illuminate\\Pipeline\\{closure}()
#16 /home/u662698054/domains/ride-go.net/public_html/vendor/laravel/framework/src/Illuminate/Pipeline/Pipeline.php(167): Illuminate\\Routing\\Middleware\\SubstituteBindings->handle()
#17 /home/u662698054/domains/ride-go.net/public_html/vendor/laravel/framework/src/Illuminate/Routing/Middleware/ThrottleRequests.php(127): Illuminate\\Pipeline\\Pipeline->Illuminate\\Pipeline\\{closure}()
#18 /home/u662698054/domains/ride-go.net/public_html/vendor/laravel/framework/src/Illuminate/Routing/Middleware/ThrottleRequests.php(93): Illuminate\\Routing\\Middleware\\ThrottleRequests->handleRequest()
#19 /home/u662698054/domains/ride-go.net/public_html/vendor/laravel/framework/src/Illuminate/Routing/Middleware/ThrottleRequests.php(55): Illuminate\\Routing\\Middleware\\ThrottleRequests->handleRequestUsingNamedLimiter()
#20 /home/u662698054/domains/ride-go.net/public_html/vendor/laravel/framework/src/Illuminate/Pipeline/Pipeline.php(167): Illuminate\\Routing\\Middleware\\ThrottleRequests->handle()
#21 /home/u662698054/domains/ride-go.net/public_html/vendor/laravel/framework/src/Illuminate/Auth/Middleware/Authenticate.php(44): Illuminate\\Pipeline\\Pipeline->Illuminate\\Pipeline\\{closure}()
#22 /home/u662698054/domains/ride-go.net/public_html/vendor/laravel/framework/src/Illuminate/Pipeline/Pipeline.php(167): Illuminate\\Auth\\Middleware\\Authenticate->handle()
#23 /home/u662698054/domains/ride-go.net/public_html/vendor/laravel/framework/src/Illuminate/Pipeline/Pipeline.php(103): Illuminate\\Pipeline\\Pipeline->Illuminate\\Pipeline\\{closure}()
#24 /home/u662698054/domains/ride-go.net/public_html/vendor/laravel/framework/src/Illuminate/Routing/Router.php(719): Illuminate\\Pipeline\\Pipeline->then()
#25 /home/u662698054/domains/ride-go.net/public_html/vendor/laravel/framework/src/Illuminate/Routing/Router.php(698): Illuminate\\Routing\\Router->runRouteWithinStack()
#26 /home/u662698054/domains/ride-go.net/public_html/vendor/laravel/framework/src/Illuminate/Routing/Router.php(662): Illuminate\\Routing\\Router->runRoute()
#27 /home/u662698054/domains/ride-go.net/public_html/vendor/laravel/framework/src/Illuminate/Routing/Router.php(651): Illuminate\\Routing\\Router->dispatchToRoute()
#28 /home/u662698054/domains/ride-go.net/public_html/vendor/laravel/framework/src/Illuminate/Foundation/Http/Kernel.php(167): Illuminate\\Routing\\Router->dispatch()
#29 /home/u662698054/domains/ride-go.net/public_html/vendor/laravel/framework/src/Illuminate/Pipeline/Pipeline.php(128): Illuminate\\Foundation\\Http\\Kernel->Illuminate\\Foundation\\Http\\{closure}()
#30 /home/u662698054/domains/ride-go.net/public_html/vendor/laravel/framework/src/Illuminate/Foundation/Http/Middleware/TransformsRequest.php(21): Illuminate\\Pipeline\\Pipeline->Illuminate\\Pipeline\\{closure}()
#31 /home/u662698054/domains/ride-go.net/public_html/vendor/laravel/framework/src/Illuminate/Foundation/Http/Middleware/ConvertEmptyStringsToNull.php(31): Illuminate\\Foundation\\Http\\Middleware\\TransformsRequest->handle()
#32 /home/u662698054/domains/ride-go.net/public_html/vendor/laravel/framework/src/Illuminate/Pipeline/Pipeline.php(167): Illuminate\\Foundation\\Http\\Middleware\\ConvertEmptyStringsToNull->handle()
#33 /home/u662698054/domains/ride-go.net/public_html/vendor/laravel/framework/src/Illuminate/Foundation/Http/Middleware/TransformsRequest.php(21): Illuminate\\Pipeline\\Pipeline->Illuminate\\Pipeline\\{closure}()
#34 /home/u662698054/domains/ride-go.net/public_html/vendor/laravel/framework/src/Illuminate/Foundation/Http/Middleware/TrimStrings.php(40): Illuminate\\Foundation\\Http\\Middleware\\TransformsRequest->handle()
#35 /home/u662698054/domains/ride-go.net/public_html/vendor/laravel/framework/src/Illuminate/Pipeline/Pipeline.php(167): Illuminate\\Foundation\\Http\\Middleware\\TrimStrings->handle()
#36 /home/u662698054/domains/ride-go.net/public_html/vendor/laravel/framework/src/Illuminate/Foundation/Http/Middleware/ValidatePostSize.php(27): Illuminate\\Pipeline\\Pipeline->Illuminate\\Pipeline\\{closure}()
#37 /home/u662698054/domains/ride-go.net/public_html/vendor/laravel/framework/src/Illuminate/Pipeline/Pipeline.php(167): Illuminate\\Foundation\\Http\\Middleware\\ValidatePostSize->handle()
#38 /home/u662698054/domains/ride-go.net/public_html/vendor/laravel/framework/src/Illuminate/Foundation/Http/Middleware/PreventRequestsDuringMaintenance.php(86): Illuminate\\Pipeline\\Pipeline->Illuminate\\Pipeline\\{closure}()
#39 /home/u662698054/domains/ride-go.net/public_html/vendor/laravel/framework/src/Illuminate/Pipeline/Pipeline.php(167): Illuminate\\Foundation\\Http\\Middleware\\PreventRequestsDuringMaintenance->handle()
#40 /home/u662698054/domains/ride-go.net/public_html/vendor/fruitcake/laravel-cors/src/HandleCors.php(52): Illuminate\\Pipeline\\Pipeline->Illuminate\\Pipeline\\{closure}()
#41 /home/u662698054/domains/ride-go.net/public_html/vendor/laravel/framework/src/Illuminate/Pipeline/Pipeline.php(167): Fruitcake\\Cors\\HandleCors->handle()
#42 /home/u662698054/domains/ride-go.net/public_html/vendor/laravel/framework/src/Illuminate/Http/Middleware/TrustProxies.php(39): Illuminate\\Pipeline\\Pipeline->Illuminate\\Pipeline\\{closure}()
#43 /home/u662698054/domains/ride-go.net/public_html/vendor/laravel/framework/src/Illuminate/Pipeline/Pipeline.php(167): Illuminate\\Http\\Middleware\\TrustProxies->handle()
#44 /home/u662698054/domains/ride-go.net/public_html/vendor/laravel/framework/src/Illuminate/Pipeline/Pipeline.php(103): Illuminate\\Pipeline\\Pipeline->Illuminate\\Pipeline\\{closure}()
#45 /home/u662698054/domains/ride-go.net/public_html/vendor/laravel/framework/src/Illuminate/Foundation/Http/Kernel.php(142): Illuminate\\Pipeline\\Pipeline->then()
#46 /home/u662698054/domains/ride-go.net/public_html/vendor/laravel/framework/src/Illuminate/Foundation/Http/Kernel.php(111): Illuminate\\Foundation\\Http\\Kernel->sendRequestThroughRouter()
#47 /home/u662698054/domains/ride-go.net/public_html/public/index.php(51): Illuminate\\Foundation\\Http\\Kernel->handle()
#48 /home/u662698054/domains/ride-go.net/public_html/server.php(21): require_once('/home/u66269805...')
#49 {main}

[previous exception] [object] (PDOException(code: 42S22): SQLSTATE[42S22]: Column not found: 1054 Unknown column 'mobile' in 'SET' at /home/u662698054/domains/ride-go.net/public_html/vendor/laravel/framework/src/Illuminate/Database/Connection.php:522)
[stacktrace]
#0 /home/u662698054/domains/ride-go.net/public_html/vendor/laravel/framework/src/Illuminate/Database/Connection.php(522): PDO->prepare()
#1 /home/u662698054/domains/ride-go.net/public_html/vendor/laravel/framework/src/Illuminate/Database/Connection.php(705): Illuminate\\Database\\Connection->Illuminate\\Database\\{closure}()
#2 /home/u662698054/domains/ride-go.net/public_html/vendor/laravel/framework/src/Illuminate/Database/Connection.php(672): Illuminate\\Database\\Connection->runQueryCallback()
#3 /home/u662698054/domains/ride-go.net/public_html/vendor/laravel/framework/src/Illuminate/Database/Connection.php(514): Illuminate\\Database\\Connection->run()
#4 /home/u662698054/domains/ride-go.net/public_html/vendor/laravel/framework/src/Illuminate/Database/Connection.php(466): Illuminate\\Database\\Connection->affectingStatement()
#5 /home/u662698054/domains/ride-go.net/public_html/vendor/laravel/framework/src/Illuminate/Database/Query/Builder.php(3062): Illuminate\\Database\\Connection->update()
#6 /home/u662698054/domains/ride-go.net/public_html/vendor/laravel/framework/src/Illuminate/Database/Eloquent/Builder.php(921): Illuminate\\Database\\Query\\Builder->update()
#7 /home/u662698054/domains/ride-go.net/public_html/vendor/laravel/framework/src/Illuminate/Database/Eloquent/Model.php(1072): Illuminate\\Database\\Eloquent\\Builder->update()
#8 /home/u662698054/domains/ride-go.net/public_html/vendor/laravel/framework/src/Illuminate/Database/Eloquent/Model.php(987): Illuminate\\Database\\Eloquent\\Model->performUpdate()
#9 /home/u662698054/domains/ride-go.net/public_html/vendor/laravel/framework/src/Illuminate/Database/Eloquent/Model.php(885): Illuminate\\Database\\Eloquent\\Model->save()
#10 /home/u662698054/domains/ride-go.net/public_html/app/Http/Controllers/API/UserController.php(367): Illuminate\\Database\\Eloquent\\Model->update()
#11 /home/u662698054/domains/ride-go.net/public_html/vendor/laravel/framework/src/Illuminate/Routing/Controller.php(54): App\\Http\\Controllers\\API\\UserController->updateProfile()
#12 /home/u662698054/domains/ride-go.net/public_html/vendor/laravel/framework/src/Illuminate/Routing/ControllerDispatcher.php(45): Illuminate\\Routing\\Controller->callAction()
#13 /home/u662698054/domains/ride-go.net/public_html/vendor/laravel/framework/src/Illuminate/Routing/Route.php(261): Illuminate\\Routing\\ControllerDispatcher->dispatch()
#14 /home/u662698054/domains/ride-go.net/public_html/vendor/laravel/framework/src/Illuminate/Routing/Route.php(205): Illuminate\\Routing\\Route->runController()
#15 /home/u662698054/domains/ride-go.net/public_html/vendor/laravel/framework/src/Illuminate/Routing/Router.php(721): Illuminate\\Routing\\Route->run()
#16 /home/u662698054/domains/ride-go.net/public_html/vendor/laravel/framework/src/Illuminate/Pipeline/Pipeline.php(128): Illuminate\\Routing\\Router->Illuminate\\Routing\\{closure}()
#17 /home/u662698054/domains/ride-go.net/public_html/vendor/laravel/framework/src/Illuminate/Routing/Middleware/SubstituteBindings.php(50): Illuminate\\Pipeline\\Pipeline->Illuminate\\Pipeline\\{closure}()
#18 /home/u662698054/domains/ride-go.net/public_html/vendor/laravel/framework/src/Illuminate/Pipeline/Pipeline.php(167): Illuminate\\Routing\\Middleware\\SubstituteBindings->handle()
#19 /home/u662698054/domains/ride-go.net/public_html/vendor/laravel/framework/src/Illuminate/Routing/Middleware/ThrottleRequests.php(127): Illuminate\\Pipeline\\Pipeline->Illuminate\\Pipeline\\{closure}()
#20 /home/u662698054/domains/ride-go.net/public_html/vendor/laravel/framework/src/Illuminate/Routing/Middleware/ThrottleRequests.php(93): Illuminate\\Routing\\Middleware\\ThrottleRequests->handleRequest()
#21 /home/u662698054/domains/ride-go.net/public_html/vendor/laravel/framework/src/Illuminate/Routing/Middleware/ThrottleRequests.php(55): Illuminate\\Routing\\Middleware\\ThrottleRequests->handleRequestUsingNamedLimiter()
#22 /home/u662698054/domains/ride-go.net/public_html/vendor/laravel/framework/src/Illuminate/Pipeline/Pipeline.php(167): Illuminate\\Routing\\Middleware\\ThrottleRequests->handle()
#23 /home/u662698054/domains/ride-go.net/public_html/vendor/laravel/framework/src/Illuminate/Auth/Middleware/Authenticate.php(44): Illuminate\\Pipeline\\Pipeline->Illuminate\\Pipeline\\{closure}()
#24 /home/u662698054/domains/ride-go.net/public_html/vendor/laravel/framework/src/Illuminate/Pipeline/Pipeline.php(167): Illuminate\\Auth\\Middleware\\Authenticate->handle()
#25 /home/u662698054/domains/ride-go.net/public_html/vendor/laravel/framework/src/Illuminate/Pipeline/Pipeline.php(103): Illuminate\\Pipeline\\Pipeline->Illuminate\\Pipeline\\{closure}()
#26 /home/u662698054/domains/ride-go.net/public_html/vendor/laravel/framework/src/Illuminate/Routing/Router.php(719): Illuminate\\Pipeline\\Pipeline->then()
#27 /home/u662698054/domains/ride-go.net/public_html/vendor/laravel/framework/src/Illuminate/Routing/Router.php(698): Illuminate\\Routing\\Router->runRouteWithinStack()
#28 /home/u662698054/domains/ride-go.net/public_html/vendor/laravel/framework/src/Illuminate/Routing/Router.php(662): Illuminate\\Routing\\Router->runRoute()
#29 /home/u662698054/domains/ride-go.net/public_html/vendor/laravel/framework/src/Illuminate/Routing/Router.php(651): Illuminate\\Routing\\Router->dispatchToRoute()
#30 /home/u662698054/domains/ride-go.net/public_html/vendor/laravel/framework/src/Illuminate/Foundation/Http/Kernel.php(167): Illuminate\\Routing\\Router->dispatch()
#31 /home/u662698054/domains/ride-go.net/public_html/vendor/laravel/framework/src/Illuminate/Pipeline/Pipeline.php(128): Illuminate\\Foundation\\Http\\Kernel->Illuminate\\Foundation\\Http\\{closure}()
#32 /home/u662698054/domains/ride-go.net/public_html/vendor/laravel/framework/src/Illuminate/Foundation/Http/Middleware/TransformsRequest.php(21): Illuminate\\Pipeline\\Pipeline->Illuminate\\Pipeline\\{closure}()
#33 /home/u662698054/domains/ride-go.net/public_html/vendor/laravel/framework/src/Illuminate/Foundation/Http/Middleware/ConvertEmptyStringsToNull.php(31): Illuminate\\Foundation\\Http\\Middleware\\TransformsRequest->handle()
#34 /home/u662698054/domains/ride-go.net/public_html/vendor/laravel/framework/src/Illuminate/Pipeline/Pipeline.php(167): Illuminate\\Foundation\\Http\\Middleware\\ConvertEmptyStringsToNull->handle()
#35 /home/u662698054/domains/ride-go.net/public_html/vendor/laravel/framework/src/Illuminate/Foundation/Http/Middleware/TransformsRequest.php(21): Illuminate\\Pipeline\\Pipeline->Illuminate\\Pipeline\\{closure}()
#36 /home/u662698054/domains/ride-go.net/public_html/vendor/laravel/framework/src/Illuminate/Foundation/Http/Middleware/TrimStrings.php(40): Illuminate\\Foundation\\Http\\Middleware\\TransformsRequest->handle()
#37 /home/u662698054/domains/ride-go.net/public_html/vendor/laravel/framework/src/Illuminate/Pipeline/Pipeline.php(167): Illuminate\\Foundation\\Http\\Middleware\\TrimStrings->handle()
#38 /home/u662698054/domains/ride-go.net/public_html/vendor/laravel/framework/src/Illuminate/Foundation/Http/Middleware/ValidatePostSize.php(27): Illuminate\\Pipeline\\Pipeline->Illuminate\\Pipeline\\{closure}()
#39 /home/u662698054/domains/ride-go.net/public_html/vendor/laravel/framework/src/Illuminate/Pipeline/Pipeline.php(167): Illuminate\\Foundation\\Http\\Middleware\\ValidatePostSize->handle()
#40 /home/u662698054/domains/ride-go.net/public_html/vendor/laravel/framework/src/Illuminate/Foundation/Http/Middleware/PreventRequestsDuringMaintenance.php(86): Illuminate\\Pipeline\\Pipeline->Illuminate\\Pipeline\\{closure}()
#41 /home/u662698054/domains/ride-go.net/public_html/vendor/laravel/framework/src/Illuminate/Pipeline/Pipeline.php(167): Illuminate\\Foundation\\Http\\Middleware\\PreventRequestsDuringMaintenance->handle()
#42 /home/u662698054/domains/ride-go.net/public_html/vendor/fruitcake/laravel-cors/src/HandleCors.php(52): Illuminate\\Pipeline\\Pipeline->Illuminate\\Pipeline\\{closure}()
#43 /home/u662698054/domains/ride-go.net/public_html/vendor/laravel/framework/src/Illuminate/Pipeline/Pipeline.php(167): Fruitcake\\Cors\\HandleCors->handle()
#44 /home/u662698054/domains/ride-go.net/public_html/vendor/laravel/framework/src/Illuminate/Http/Middleware/TrustProxies.php(39): Illuminate\\Pipeline\\Pipeline->Illuminate\\Pipeline\\{closure}()
#45 /home/u662698054/domains/ride-go.net/public_html/vendor/laravel/framework/src/Illuminate/Pipeline/Pipeline.php(167): Illuminate\\Http\\Middleware\\TrustProxies->handle()
#46 /home/u662698054/domains/ride-go.net/public_html/vendor/laravel/framework/src/Illuminate/Pipeline/Pipeline.php(103): Illuminate\\Pipeline\\Pipeline->Illuminate\\Pipeline\\{closure}()
#47 /home/u662698054/domains/ride-go.net/public_html/vendor/laravel/framework/src/Illuminate/Foundation/Http/Kernel.php(142): Illuminate\\Pipeline\\Pipeline->then()
#48 /home/u662698054/domains/ride-go.net/public_html/vendor/laravel/framework/src/Illuminate/Foundation/Http/Kernel.php(111): Illuminate\\Foundation\\Http\\Kernel->sendRequestThroughRouter()
#49 /home/u662698054/domains/ride-go.net/public_html/public/index.php(51): Illuminate\\Foundation\\Http\\Kernel->handle()
#50 /home/u662698054/domains/ride-go.net/public_html/server.php(21): require_once('/home/u66269805...')
#51 {main}
"} 
[2025-09-20 15:09:07] local.ERROR: Method Illuminate\Auth\RequestGuard::logout does not exist. {"userId":2261,"exception":"[object] (BadMethodCallException(code: 0): Method Illuminate\\Auth\\RequestGuard::logout does not exist. at /home/u662698054/domains/ride-go.net/public_html/vendor/laravel/framework/src/Illuminate/Macroable/Traits/Macroable.php:113)
[stacktrace]
#0 /home/u662698054/domains/ride-go.net/public_html/vendor/laravel/framework/src/Illuminate/Auth/AuthManager.php(340): Illuminate\\Auth\\RequestGuard->__call()
#1 /home/u662698054/domains/ride-go.net/public_html/app/Http/Middleware/OnlyRidersAndActiveDriversCanPassMiddleware.php(23): Illuminate\\Auth\\AuthManager->__call()
#2 /home/u662698054/domains/ride-go.net/public_html/vendor/laravel/framework/src/Illuminate/Pipeline/Pipeline.php(167): App\\Http\\Middleware\\OnlyRidersAndActiveDriversCanPassMiddleware->handle()
#3 /home/u662698054/domains/ride-go.net/public_html/vendor/laravel/framework/src/Illuminate/Routing/Middleware/SubstituteBindings.php(50): Illuminate\\Pipeline\\Pipeline->Illuminate\\Pipeline\\{closure}()
#4 /home/u662698054/domains/ride-go.net/public_html/vendor/laravel/framework/src/Illuminate/Pipeline/Pipeline.php(167): Illuminate\\Routing\\Middleware\\SubstituteBindings->handle()
#5 /home/u662698054/domains/ride-go.net/public_html/vendor/laravel/framework/src/Illuminate/Routing/Middleware/ThrottleRequests.php(127): Illuminate\\Pipeline\\Pipeline->Illuminate\\Pipeline\\{closure}()
#6 /home/u662698054/domains/ride-go.net/public_html/vendor/laravel/framework/src/Illuminate/Routing/Middleware/ThrottleRequests.php(93): Illuminate\\Routing\\Middleware\\ThrottleRequests->handleRequest()
#7 /home/u662698054/domains/ride-go.net/public_html/vendor/laravel/framework/src/Illuminate/Routing/Middleware/ThrottleRequests.php(55): Illuminate\\Routing\\Middleware\\ThrottleRequests->handleRequestUsingNamedLimiter()
#8 /home/u662698054/domains/ride-go.net/public_html/vendor/laravel/framework/src/Illuminate/Pipeline/Pipeline.php(167): Illuminate\\Routing\\Middleware\\ThrottleRequests->handle()
#9 /home/u662698054/domains/ride-go.net/public_html/vendor/laravel/framework/src/Illuminate/Auth/Middleware/Authenticate.php(44): Illuminate\\Pipeline\\Pipeline->Illuminate\\Pipeline\\{closure}()
#10 /home/u662698054/domains/ride-go.net/public_html/vendor/laravel/framework/src/Illuminate/Pipeline/Pipeline.php(167): Illuminate\\Auth\\Middleware\\Authenticate->handle()
#11 /home/u662698054/domains/ride-go.net/public_html/vendor/laravel/framework/src/Illuminate/Pipeline/Pipeline.php(103): Illuminate\\Pipeline\\Pipeline->Illuminate\\Pipeline\\{closure}()
#12 /home/u662698054/domains/ride-go.net/public_html/vendor/laravel/framework/src/Illuminate/Routing/Router.php(719): Illuminate\\Pipeline\\Pipeline->then()
#13 /home/u662698054/domains/ride-go.net/public_html/vendor/laravel/framework/src/Illuminate/Routing/Router.php(698): Illuminate\\Routing\\Router->runRouteWithinStack()
#14 /home/u662698054/domains/ride-go.net/public_html/vendor/laravel/framework/src/Illuminate/Routing/Router.php(662): Illuminate\\Routing\\Router->runRoute()
#15 /home/u662698054/domains/ride-go.net/public_html/vendor/laravel/framework/src/Illuminate/Routing/Router.php(651): Illuminate\\Routing\\Router->dispatchToRoute()
#16 /home/u662698054/domains/ride-go.net/public_html/vendor/laravel/framework/src/Illuminate/Foundation/Http/Kernel.php(167): Illuminate\\Routing\\Router->dispatch()
#17 /home/u662698054/domains/ride-go.net/public_html/vendor/laravel/framework/src/Illuminate/Pipeline/Pipeline.php(128): Illuminate\\Foundation\\Http\\Kernel->Illuminate\\Foundation\\Http\\{closure}()
#18 /home/u662698054/domains/ride-go.net/public_html/vendor/laravel/framework/src/Illuminate/Foundation/Http/Middleware/TransformsRequest.php(21): Illuminate\\Pipeline\\Pipeline->Illuminate\\Pipeline\\{closure}()
#19 /home/u662698054/domains/ride-go.net/public_html/vendor/laravel/framework/src/Illuminate/Foundation/Http/Middleware/ConvertEmptyStringsToNull.php(31): Illuminate\\Foundation\\Http\\Middleware\\TransformsRequest->handle()
#20 /home/u662698054/domains/ride-go.net/public_html/vendor/laravel/framework/src/Illuminate/Pipeline/Pipeline.php(167): Illuminate\\Foundation\\Http\\Middleware\\ConvertEmptyStringsToNull->handle()
#21 /home/u662698054/domains/ride-go.net/public_html/vendor/laravel/framework/src/Illuminate/Foundation/Http/Middleware/TransformsRequest.php(21): Illuminate\\Pipeline\\Pipeline->Illuminate\\Pipeline\\{closure}()
#22 /home/u662698054/domains/ride-go.net/public_html/vendor/laravel/framework/src/Illuminate/Foundation/Http/Middleware/TrimStrings.php(40): Illuminate\\Foundation\\Http\\Middleware\\TransformsRequest->handle()
#23 /home/u662698054/domains/ride-go.net/public_html/vendor/laravel/framework/src/Illuminate/Pipeline/Pipeline.php(167): Illuminate\\Foundation\\Http\\Middleware\\TrimStrings->handle()
#24 /home/u662698054/domains/ride-go.net/public_html/vendor/laravel/framework/src/Illuminate/Foundation/Http/Middleware/ValidatePostSize.php(27): Illuminate\\Pipeline\\Pipeline->Illuminate\\Pipeline\\{closure}()
#25 /home/u662698054/domains/ride-go.net/public_html/vendor/laravel/framework/src/Illuminate/Pipeline/Pipeline.php(167): Illuminate\\Foundation\\Http\\Middleware\\ValidatePostSize->handle()
#26 /home/u662698054/domains/ride-go.net/public_html/vendor/laravel/framework/src/Illuminate/Foundation/Http/Middleware/PreventRequestsDuringMaintenance.php(86): Illuminate\\Pipeline\\Pipeline->Illuminate\\Pipeline\\{closure}()
#27 /home/u662698054/domains/ride-go.net/public_html/vendor/laravel/framework/src/Illuminate/Pipeline/Pipeline.php(167): Illuminate\\Foundation\\Http\\Middleware\\PreventRequestsDuringMaintenance->handle()
#28 /home/u662698054/domains/ride-go.net/public_html/vendor/fruitcake/laravel-cors/src/HandleCors.php(52): Illuminate\\Pipeline\\Pipeline->Illuminate\\Pipeline\\{closure}()
#29 /home/u662698054/domains/ride-go.net/public_html/vendor/laravel/framework/src/Illuminate/Pipeline/Pipeline.php(167): Fruitcake\\Cors\\HandleCors->handle()
#30 /home/u662698054/domains/ride-go.net/public_html/vendor/laravel/framework/src/Illuminate/Http/Middleware/TrustProxies.php(39): Illuminate\\Pipeline\\Pipeline->Illuminate\\Pipeline\\{closure}()
#31 /home/u662698054/domains/ride-go.net/public_html/vendor/laravel/framework/src/Illuminate/Pipeline/Pipeline.php(167): Illuminate\\Http\\Middleware\\TrustProxies->handle()
#32 /home/u662698054/domains/ride-go.net/public_html/vendor/laravel/framework/src/Illuminate/Pipeline/Pipeline.php(103): Illuminate\\Pipeline\\Pipeline->Illuminate\\Pipeline\\{closure}()
#33 /home/u662698054/domains/ride-go.net/public_html/vendor/laravel/framework/src/Illuminate/Foundation/Http/Kernel.php(142): Illuminate\\Pipeline\\Pipeline->then()
#34 /home/u662698054/domains/ride-go.net/public_html/vendor/laravel/framework/src/Illuminate/Foundation/Http/Kernel.php(111): Illuminate\\Foundation\\Http\\Kernel->sendRequestThroughRouter()
#35 /home/u662698054/domains/ride-go.net/public_html/public/index.php(51): Illuminate\\Foundation\\Http\\Kernel->handle()
#36 /home/u662698054/domains/ride-go.net/public_html/server.php(21): require_once('/home/u66269805...')
#37 {main}
"} 
[2025-09-20 21:33:38] local.ERROR: SQLSTATE[42S22]: Column not found: 1054 Unknown column 'mobile' in 'SET' (SQL: update `users` set `uid` = null, `mobile` = +974-70717229, `users`.`updated_at` = 2025-09-20 21:33:38 where `id` = 1795) {"userId":1795,"exception":"[object] (Illuminate\\Database\\QueryException(code: 42S22): SQLSTATE[42S22]: Column not found: 1054 Unknown column 'mobile' in 'SET' (SQL: update `users` set `uid` = null, `mobile` = +974-70717229, `users`.`updated_at` = 2025-09-20 21:33:38 where `id` = 1795) at /home/u662698054/domains/ride-go.net/public_html/vendor/laravel/framework/src/Illuminate/Database/Connection.php:712)
[stacktrace]
#0 /home/u662698054/domains/ride-go.net/public_html/vendor/laravel/framework/src/Illuminate/Database/Connection.php(672): Illuminate\\Database\\Connection->runQueryCallback()
#1 /home/u662698054/domains/ride-go.net/public_html/vendor/laravel/framework/src/Illuminate/Database/Connection.php(514): Illuminate\\Database\\Connection->run()
#2 /home/u662698054/domains/ride-go.net/public_html/vendor/laravel/framework/src/Illuminate/Database/Connection.php(466): Illuminate\\Database\\Connection->affectingStatement()
#3 /home/u662698054/domains/ride-go.net/public_html/vendor/laravel/framework/src/Illuminate/Database/Query/Builder.php(3062): Illuminate\\Database\\Connection->update()
#4 /home/u662698054/domains/ride-go.net/public_html/vendor/laravel/framework/src/Illuminate/Database/Eloquent/Builder.php(921): Illuminate\\Database\\Query\\Builder->update()
#5 /home/u662698054/domains/ride-go.net/public_html/vendor/laravel/framework/src/Illuminate/Database/Eloquent/Model.php(1072): Illuminate\\Database\\Eloquent\\Builder->update()
#6 /home/u662698054/domains/ride-go.net/public_html/vendor/laravel/framework/src/Illuminate/Database/Eloquent/Model.php(987): Illuminate\\Database\\Eloquent\\Model->performUpdate()
#7 /home/u662698054/domains/ride-go.net/public_html/vendor/laravel/framework/src/Illuminate/Database/Eloquent/Model.php(885): Illuminate\\Database\\Eloquent\\Model->save()
#8 /home/u662698054/domains/ride-go.net/public_html/app/Http/Controllers/API/UserController.php(367): Illuminate\\Database\\Eloquent\\Model->update()
#9 /home/u662698054/domains/ride-go.net/public_html/vendor/laravel/framework/src/Illuminate/Routing/Controller.php(54): App\\Http\\Controllers\\API\\UserController->updateProfile()
#10 /home/u662698054/domains/ride-go.net/public_html/vendor/laravel/framework/src/Illuminate/Routing/ControllerDispatcher.php(45): Illuminate\\Routing\\Controller->callAction()
#11 /home/u662698054/domains/ride-go.net/public_html/vendor/laravel/framework/src/Illuminate/Routing/Route.php(261): Illuminate\\Routing\\ControllerDispatcher->dispatch()
#12 /home/u662698054/domains/ride-go.net/public_html/vendor/laravel/framework/src/Illuminate/Routing/Route.php(205): Illuminate\\Routing\\Route->runController()
#13 /home/u662698054/domains/ride-go.net/public_html/vendor/laravel/framework/src/Illuminate/Routing/Router.php(721): Illuminate\\Routing\\Route->run()
#14 /home/u662698054/domains/ride-go.net/public_html/vendor/laravel/framework/src/Illuminate/Pipeline/Pipeline.php(128): Illuminate\\Routing\\Router->Illuminate\\Routing\\{closure}()
#15 /home/u662698054/domains/ride-go.net/public_html/vendor/laravel/framework/src/Illuminate/Routing/Middleware/SubstituteBindings.php(50): Illuminate\\Pipeline\\Pipeline->Illuminate\\Pipeline\\{closure}()
#16 /home/u662698054/domains/ride-go.net/public_html/vendor/laravel/framework/src/Illuminate/Pipeline/Pipeline.php(167): Illuminate\\Routing\\Middleware\\SubstituteBindings->handle()
#17 /home/u662698054/domains/ride-go.net/public_html/vendor/laravel/framework/src/Illuminate/Routing/Middleware/ThrottleRequests.php(127): Illuminate\\Pipeline\\Pipeline->Illuminate\\Pipeline\\{closure}()
#18 /home/u662698054/domains/ride-go.net/public_html/vendor/laravel/framework/src/Illuminate/Routing/Middleware/ThrottleRequests.php(93): Illuminate\\Routing\\Middleware\\ThrottleRequests->handleRequest()
#19 /home/u662698054/domains/ride-go.net/public_html/vendor/laravel/framework/src/Illuminate/Routing/Middleware/ThrottleRequests.php(55): Illuminate\\Routing\\Middleware\\ThrottleRequests->handleRequestUsingNamedLimiter()
#20 /home/u662698054/domains/ride-go.net/public_html/vendor/laravel/framework/src/Illuminate/Pipeline/Pipeline.php(167): Illuminate\\Routing\\Middleware\\ThrottleRequests->handle()
#21 /home/u662698054/domains/ride-go.net/public_html/vendor/laravel/framework/src/Illuminate/Auth/Middleware/Authenticate.php(44): Illuminate\\Pipeline\\Pipeline->Illuminate\\Pipeline\\{closure}()
#22 /home/u662698054/domains/ride-go.net/public_html/vendor/laravel/framework/src/Illuminate/Pipeline/Pipeline.php(167): Illuminate\\Auth\\Middleware\\Authenticate->handle()
#23 /home/u662698054/domains/ride-go.net/public_html/vendor/laravel/framework/src/Illuminate/Pipeline/Pipeline.php(103): Illuminate\\Pipeline\\Pipeline->Illuminate\\Pipeline\\{closure}()
#24 /home/u662698054/domains/ride-go.net/public_html/vendor/laravel/framework/src/Illuminate/Routing/Router.php(719): Illuminate\\Pipeline\\Pipeline->then()
#25 /home/u662698054/domains/ride-go.net/public_html/vendor/laravel/framework/src/Illuminate/Routing/Router.php(698): Illuminate\\Routing\\Router->runRouteWithinStack()
#26 /home/u662698054/domains/ride-go.net/public_html/vendor/laravel/framework/src/Illuminate/Routing/Router.php(662): Illuminate\\Routing\\Router->runRoute()
#27 /home/u662698054/domains/ride-go.net/public_html/vendor/laravel/framework/src/Illuminate/Routing/Router.php(651): Illuminate\\Routing\\Router->dispatchToRoute()
#28 /home/u662698054/domains/ride-go.net/public_html/vendor/laravel/framework/src/Illuminate/Foundation/Http/Kernel.php(167): Illuminate\\Routing\\Router->dispatch()
#29 /home/u662698054/domains/ride-go.net/public_html/vendor/laravel/framework/src/Illuminate/Pipeline/Pipeline.php(128): Illuminate\\Foundation\\Http\\Kernel->Illuminate\\Foundation\\Http\\{closure}()
#30 /home/u662698054/domains/ride-go.net/public_html/vendor/laravel/framework/src/Illuminate/Foundation/Http/Middleware/TransformsRequest.php(21): Illuminate\\Pipeline\\Pipeline->Illuminate\\Pipeline\\{closure}()
#31 /home/u662698054/domains/ride-go.net/public_html/vendor/laravel/framework/src/Illuminate/Foundation/Http/Middleware/ConvertEmptyStringsToNull.php(31): Illuminate\\Foundation\\Http\\Middleware\\TransformsRequest->handle()
#32 /home/u662698054/domains/ride-go.net/public_html/vendor/laravel/framework/src/Illuminate/Pipeline/Pipeline.php(167): Illuminate\\Foundation\\Http\\Middleware\\ConvertEmptyStringsToNull->handle()
#33 /home/u662698054/domains/ride-go.net/public_html/vendor/laravel/framework/src/Illuminate/Foundation/Http/Middleware/TransformsRequest.php(21): Illuminate\\Pipeline\\Pipeline->Illuminate\\Pipeline\\{closure}()
#34 /home/u662698054/domains/ride-go.net/public_html/vendor/laravel/framework/src/Illuminate/Foundation/Http/Middleware/TrimStrings.php(40): Illuminate\\Foundation\\Http\\Middleware\\TransformsRequest->handle()
#35 /home/u662698054/domains/ride-go.net/public_html/vendor/laravel/framework/src/Illuminate/Pipeline/Pipeline.php(167): Illuminate\\Foundation\\Http\\Middleware\\TrimStrings->handle()
#36 /home/u662698054/domains/ride-go.net/public_html/vendor/laravel/framework/src/Illuminate/Foundation/Http/Middleware/ValidatePostSize.php(27): Illuminate\\Pipeline\\Pipeline->Illuminate\\Pipeline\\{closure}()
#37 /home/u662698054/domains/ride-go.net/public_html/vendor/laravel/framework/src/Illuminate/Pipeline/Pipeline.php(167): Illuminate\\Foundation\\Http\\Middleware\\ValidatePostSize->handle()
#38 /home/u662698054/domains/ride-go.net/public_html/vendor/laravel/framework/src/Illuminate/Foundation/Http/Middleware/PreventRequestsDuringMaintenance.php(86): Illuminate\\Pipeline\\Pipeline->Illuminate\\Pipeline\\{closure}()
#39 /home/u662698054/domains/ride-go.net/public_html/vendor/laravel/framework/src/Illuminate/Pipeline/Pipeline.php(167): Illuminate\\Foundation\\Http\\Middleware\\PreventRequestsDuringMaintenance->handle()
#40 /home/u662698054/domains/ride-go.net/public_html/vendor/fruitcake/laravel-cors/src/HandleCors.php(52): Illuminate\\Pipeline\\Pipeline->Illuminate\\Pipeline\\{closure}()
#41 /home/u662698054/domains/ride-go.net/public_html/vendor/laravel/framework/src/Illuminate/Pipeline/Pipeline.php(167): Fruitcake\\Cors\\HandleCors->handle()
#42 /home/u662698054/domains/ride-go.net/public_html/vendor/laravel/framework/src/Illuminate/Http/Middleware/TrustProxies.php(39): Illuminate\\Pipeline\\Pipeline->Illuminate\\Pipeline\\{closure}()
#43 /home/u662698054/domains/ride-go.net/public_html/vendor/laravel/framework/src/Illuminate/Pipeline/Pipeline.php(167): Illuminate\\Http\\Middleware\\TrustProxies->handle()
#44 /home/u662698054/domains/ride-go.net/public_html/vendor/laravel/framework/src/Illuminate/Pipeline/Pipeline.php(103): Illuminate\\Pipeline\\Pipeline->Illuminate\\Pipeline\\{closure}()
#45 /home/u662698054/domains/ride-go.net/public_html/vendor/laravel/framework/src/Illuminate/Foundation/Http/Kernel.php(142): Illuminate\\Pipeline\\Pipeline->then()
#46 /home/u662698054/domains/ride-go.net/public_html/vendor/laravel/framework/src/Illuminate/Foundation/Http/Kernel.php(111): Illuminate\\Foundation\\Http\\Kernel->sendRequestThroughRouter()
#47 /home/u662698054/domains/ride-go.net/public_html/public/index.php(51): Illuminate\\Foundation\\Http\\Kernel->handle()
#48 /home/u662698054/domains/ride-go.net/public_html/server.php(21): require_once('/home/u66269805...')
#49 {main}

[previous exception] [object] (PDOException(code: 42S22): SQLSTATE[42S22]: Column not found: 1054 Unknown column 'mobile' in 'SET' at /home/u662698054/domains/ride-go.net/public_html/vendor/laravel/framework/src/Illuminate/Database/Connection.php:522)
[stacktrace]
#0 /home/u662698054/domains/ride-go.net/public_html/vendor/laravel/framework/src/Illuminate/Database/Connection.php(522): PDO->prepare()
#1 /home/u662698054/domains/ride-go.net/public_html/vendor/laravel/framework/src/Illuminate/Database/Connection.php(705): Illuminate\\Database\\Connection->Illuminate\\Database\\{closure}()
#2 /home/u662698054/domains/ride-go.net/public_html/vendor/laravel/framework/src/Illuminate/Database/Connection.php(672): Illuminate\\Database\\Connection->runQueryCallback()
#3 /home/u662698054/domains/ride-go.net/public_html/vendor/laravel/framework/src/Illuminate/Database/Connection.php(514): Illuminate\\Database\\Connection->run()
#4 /home/u662698054/domains/ride-go.net/public_html/vendor/laravel/framework/src/Illuminate/Database/Connection.php(466): Illuminate\\Database\\Connection->affectingStatement()
#5 /home/u662698054/domains/ride-go.net/public_html/vendor/laravel/framework/src/Illuminate/Database/Query/Builder.php(3062): Illuminate\\Database\\Connection->update()
#6 /home/u662698054/domains/ride-go.net/public_html/vendor/laravel/framework/src/Illuminate/Database/Eloquent/Builder.php(921): Illuminate\\Database\\Query\\Builder->update()
#7 /home/u662698054/domains/ride-go.net/public_html/vendor/laravel/framework/src/Illuminate/Database/Eloquent/Model.php(1072): Illuminate\\Database\\Eloquent\\Builder->update()
#8 /home/u662698054/domains/ride-go.net/public_html/vendor/laravel/framework/src/Illuminate/Database/Eloquent/Model.php(987): Illuminate\\Database\\Eloquent\\Model->performUpdate()
#9 /home/u662698054/domains/ride-go.net/public_html/vendor/laravel/framework/src/Illuminate/Database/Eloquent/Model.php(885): Illuminate\\Database\\Eloquent\\Model->save()
#10 /home/u662698054/domains/ride-go.net/public_html/app/Http/Controllers/API/UserController.php(367): Illuminate\\Database\\Eloquent\\Model->update()
#11 /home/u662698054/domains/ride-go.net/public_html/vendor/laravel/framework/src/Illuminate/Routing/Controller.php(54): App\\Http\\Controllers\\API\\UserController->updateProfile()
#12 /home/u662698054/domains/ride-go.net/public_html/vendor/laravel/framework/src/Illuminate/Routing/ControllerDispatcher.php(45): Illuminate\\Routing\\Controller->callAction()
#13 /home/u662698054/domains/ride-go.net/public_html/vendor/laravel/framework/src/Illuminate/Routing/Route.php(261): Illuminate\\Routing\\ControllerDispatcher->dispatch()
#14 /home/u662698054/domains/ride-go.net/public_html/vendor/laravel/framework/src/Illuminate/Routing/Route.php(205): Illuminate\\Routing\\Route->runController()
#15 /home/u662698054/domains/ride-go.net/public_html/vendor/laravel/framework/src/Illuminate/Routing/Router.php(721): Illuminate\\Routing\\Route->run()
#16 /home/u662698054/domains/ride-go.net/public_html/vendor/laravel/framework/src/Illuminate/Pipeline/Pipeline.php(128): Illuminate\\Routing\\Router->Illuminate\\Routing\\{closure}()
#17 /home/u662698054/domains/ride-go.net/public_html/vendor/laravel/framework/src/Illuminate/Routing/Middleware/SubstituteBindings.php(50): Illuminate\\Pipeline\\Pipeline->Illuminate\\Pipeline\\{closure}()
#18 /home/u662698054/domains/ride-go.net/public_html/vendor/laravel/framework/src/Illuminate/Pipeline/Pipeline.php(167): Illuminate\\Routing\\Middleware\\SubstituteBindings->handle()
#19 /home/u662698054/domains/ride-go.net/public_html/vendor/laravel/framework/src/Illuminate/Routing/Middleware/ThrottleRequests.php(127): Illuminate\\Pipeline\\Pipeline->Illuminate\\Pipeline\\{closure}()
#20 /home/u662698054/domains/ride-go.net/public_html/vendor/laravel/framework/src/Illuminate/Routing/Middleware/ThrottleRequests.php(93): Illuminate\\Routing\\Middleware\\ThrottleRequests->handleRequest()
#21 /home/u662698054/domains/ride-go.net/public_html/vendor/laravel/framework/src/Illuminate/Routing/Middleware/ThrottleRequests.php(55): Illuminate\\Routing\\Middleware\\ThrottleRequests->handleRequestUsingNamedLimiter()
#22 /home/u662698054/domains/ride-go.net/public_html/vendor/laravel/framework/src/Illuminate/Pipeline/Pipeline.php(167): Illuminate\\Routing\\Middleware\\ThrottleRequests->handle()
#23 /home/u662698054/domains/ride-go.net/public_html/vendor/laravel/framework/src/Illuminate/Auth/Middleware/Authenticate.php(44): Illuminate\\Pipeline\\Pipeline->Illuminate\\Pipeline\\{closure}()
#24 /home/u662698054/domains/ride-go.net/public_html/vendor/laravel/framework/src/Illuminate/Pipeline/Pipeline.php(167): Illuminate\\Auth\\Middleware\\Authenticate->handle()
#25 /home/u662698054/domains/ride-go.net/public_html/vendor/laravel/framework/src/Illuminate/Pipeline/Pipeline.php(103): Illuminate\\Pipeline\\Pipeline->Illuminate\\Pipeline\\{closure}()
#26 /home/u662698054/domains/ride-go.net/public_html/vendor/laravel/framework/src/Illuminate/Routing/Router.php(719): Illuminate\\Pipeline\\Pipeline->then()
#27 /home/u662698054/domains/ride-go.net/public_html/vendor/laravel/framework/src/Illuminate/Routing/Router.php(698): Illuminate\\Routing\\Router->runRouteWithinStack()
#28 /home/u662698054/domains/ride-go.net/public_html/vendor/laravel/framework/src/Illuminate/Routing/Router.php(662): Illuminate\\Routing\\Router->runRoute()
#29 /home/u662698054/domains/ride-go.net/public_html/vendor/laravel/framework/src/Illuminate/Routing/Router.php(651): Illuminate\\Routing\\Router->dispatchToRoute()
#30 /home/u662698054/domains/ride-go.net/public_html/vendor/laravel/framework/src/Illuminate/Foundation/Http/Kernel.php(167): Illuminate\\Routing\\Router->dispatch()
#31 /home/u662698054/domains/ride-go.net/public_html/vendor/laravel/framework/src/Illuminate/Pipeline/Pipeline.php(128): Illuminate\\Foundation\\Http\\Kernel->Illuminate\\Foundation\\Http\\{closure}()
#32 /home/u662698054/domains/ride-go.net/public_html/vendor/laravel/framework/src/Illuminate/Foundation/Http/Middleware/TransformsRequest.php(21): Illuminate\\Pipeline\\Pipeline->Illuminate\\Pipeline\\{closure}()
#33 /home/u662698054/domains/ride-go.net/public_html/vendor/laravel/framework/src/Illuminate/Foundation/Http/Middleware/ConvertEmptyStringsToNull.php(31): Illuminate\\Foundation\\Http\\Middleware\\TransformsRequest->handle()
#34 /home/u662698054/domains/ride-go.net/public_html/vendor/laravel/framework/src/Illuminate/Pipeline/Pipeline.php(167): Illuminate\\Foundation\\Http\\Middleware\\ConvertEmptyStringsToNull->handle()
#35 /home/u662698054/domains/ride-go.net/public_html/vendor/laravel/framework/src/Illuminate/Foundation/Http/Middleware/TransformsRequest.php(21): Illuminate\\Pipeline\\Pipeline->Illuminate\\Pipeline\\{closure}()
#36 /home/u662698054/domains/ride-go.net/public_html/vendor/laravel/framework/src/Illuminate/Foundation/Http/Middleware/TrimStrings.php(40): Illuminate\\Foundation\\Http\\Middleware\\TransformsRequest->handle()
#37 /home/u662698054/domains/ride-go.net/public_html/vendor/laravel/framework/src/Illuminate/Pipeline/Pipeline.php(167): Illuminate\\Foundation\\Http\\Middleware\\TrimStrings->handle()
#38 /home/u662698054/domains/ride-go.net/public_html/vendor/laravel/framework/src/Illuminate/Foundation/Http/Middleware/ValidatePostSize.php(27): Illuminate\\Pipeline\\Pipeline->Illuminate\\Pipeline\\{closure}()
#39 /home/u662698054/domains/ride-go.net/public_html/vendor/laravel/framework/src/Illuminate/Pipeline/Pipeline.php(167): Illuminate\\Foundation\\Http\\Middleware\\ValidatePostSize->handle()
#40 /home/u662698054/domains/ride-go.net/public_html/vendor/laravel/framework/src/Illuminate/Foundation/Http/Middleware/PreventRequestsDuringMaintenance.php(86): Illuminate\\Pipeline\\Pipeline->Illuminate\\Pipeline\\{closure}()
#41 /home/u662698054/domains/ride-go.net/public_html/vendor/laravel/framework/src/Illuminate/Pipeline/Pipeline.php(167): Illuminate\\Foundation\\Http\\Middleware\\PreventRequestsDuringMaintenance->handle()
#42 /home/u662698054/domains/ride-go.net/public_html/vendor/fruitcake/laravel-cors/src/HandleCors.php(52): Illuminate\\Pipeline\\Pipeline->Illuminate\\Pipeline\\{closure}()
#43 /home/u662698054/domains/ride-go.net/public_html/vendor/laravel/framework/src/Illuminate/Pipeline/Pipeline.php(167): Fruitcake\\Cors\\HandleCors->handle()
#44 /home/u662698054/domains/ride-go.net/public_html/vendor/laravel/framework/src/Illuminate/Http/Middleware/TrustProxies.php(39): Illuminate\\Pipeline\\Pipeline->Illuminate\\Pipeline\\{closure}()
#45 /home/u662698054/domains/ride-go.net/public_html/vendor/laravel/framework/src/Illuminate/Pipeline/Pipeline.php(167): Illuminate\\Http\\Middleware\\TrustProxies->handle()
#46 /home/u662698054/domains/ride-go.net/public_html/vendor/laravel/framework/src/Illuminate/Pipeline/Pipeline.php(103): Illuminate\\Pipeline\\Pipeline->Illuminate\\Pipeline\\{closure}()
#47 /home/u662698054/domains/ride-go.net/public_html/vendor/laravel/framework/src/Illuminate/Foundation/Http/Kernel.php(142): Illuminate\\Pipeline\\Pipeline->then()
#48 /home/u662698054/domains/ride-go.net/public_html/vendor/laravel/framework/src/Illuminate/Foundation/Http/Kernel.php(111): Illuminate\\Foundation\\Http\\Kernel->sendRequestThroughRouter()
#49 /home/u662698054/domains/ride-go.net/public_html/public/index.php(51): Illuminate\\Foundation\\Http\\Kernel->handle()
#50 /home/u662698054/domains/ride-go.net/public_html/server.php(21): require_once('/home/u66269805...')
#51 {main}
"} 
